--------------------------------------------------------------------------
MPI_ABORT was invoked on rank 0 in communicator MPI_COMM_WORLD
with errorcode 403.

NOTE: invoking MPI_ABORT causes Open MPI to kill all MPI processes.
You may or may not see output from other processes, depending on
exactly when Open MPI kills them.
--------------------------------------------------------------------------
--------------------------------------------------------------------------
mpiexec has exited due to process rank 0 with PID 32124 on
node wn280.scope.unina.it exiting without calling "finalize". This may
have caused other processes in the application to be
terminated by signals sent by mpiexec (as reported here).
--------------------------------------------------------------------------
--------------------------------------------------------------------------
MPI_ABORT was invoked on rank 0 in communicator MPI_COMM_WORLD
with errorcode 403.

NOTE: invoking MPI_ABORT causes Open MPI to kill all MPI processes.
You may or may not see output from other processes, depending on
exactly when Open MPI kills them.
--------------------------------------------------------------------------
--------------------------------------------------------------------------
mpiexec has exited due to process rank 0 with PID 32131 on
node wn280.scope.unina.it exiting without calling "finalize". This may
have caused other processes in the application to be
terminated by signals sent by mpiexec (as reported here).
--------------------------------------------------------------------------
--------------------------------------------------------------------------
MPI_ABORT was invoked on rank 0 in communicator MPI_COMM_WORLD
with errorcode 403.

NOTE: invoking MPI_ABORT causes Open MPI to kill all MPI processes.
You may or may not see output from other processes, depending on
exactly when Open MPI kills them.
--------------------------------------------------------------------------
--------------------------------------------------------------------------
mpiexec has exited due to process rank 0 with PID 32138 on
node wn280.scope.unina.it exiting without calling "finalize". This may
have caused other processes in the application to be
terminated by signals sent by mpiexec (as reported here).
--------------------------------------------------------------------------
--------------------------------------------------------------------------
MPI_ABORT was invoked on rank 0 in communicator MPI_COMM_WORLD
with errorcode 403.

NOTE: invoking MPI_ABORT causes Open MPI to kill all MPI processes.
You may or may not see output from other processes, depending on
exactly when Open MPI kills them.
--------------------------------------------------------------------------
--------------------------------------------------------------------------
mpiexec has exited due to process rank 0 with PID 32145 on
node wn280.scope.unina.it exiting without calling "finalize". This may
have caused other processes in the application to be
terminated by signals sent by mpiexec (as reported here).
--------------------------------------------------------------------------
--------------------------------------------------------------------------
MPI_ABORT was invoked on rank 0 in communicator MPI_COMM_WORLD
with errorcode 403.

NOTE: invoking MPI_ABORT causes Open MPI to kill all MPI processes.
You may or may not see output from other processes, depending on
exactly when Open MPI kills them.
--------------------------------------------------------------------------
--------------------------------------------------------------------------
mpiexec has exited due to process rank 0 with PID 32152 on
node wn280.scope.unina.it exiting without calling "finalize". This may
have caused other processes in the application to be
terminated by signals sent by mpiexec (as reported here).
--------------------------------------------------------------------------
